Flow report for ece385_lab4_demo
Thu Feb 08 02:25:57 2018
Quartus II 64-Bit Version 15.0.0 Build 145 04/22/2015 SJ Web Edition


---------------------
; Table of Contents ;
---------------------
  1. Legal Notice
  2. Flow Summary
  3. Flow Settings
  4. Flow Non-Default Global Settings
  5. Flow Elapsed Time
  6. Flow OS Summary
  7. Flow Log
  8. Flow Messages
  9. Flow Suppressed Messages



----------------
; Legal Notice ;
----------------
Copyright (C) 1991-2015 Altera Corporation. All rights reserved.
Your use of Altera Corporation's design tools, logic functions 
and other software and tools, and its AMPP partner logic 
functions, and any output files from any of the foregoing 
(including device programming or simulation files), and any 
associated documentation or information are expressly subject 
to the terms and conditions of the Altera Program License 
Subscription Agreement, the Altera Quartus II License Agreement,
the Altera MegaCore Function License Agreement, or other 
applicable license agreement, including, without limitation, 
that your use is for the sole purpose of programming logic 
devices manufactured by Altera and sold by Altera or its 
authorized distributors.  Please refer to the applicable 
agreement for further details.



+---------------------------------------------------------------------------------+
; Flow Summary                                                                    ;
+------------------------------------+--------------------------------------------+
; Flow Status                        ; Successful - Thu Feb 08 02:25:57 2018      ;
; Quartus II 64-Bit Version          ; 15.0.0 Build 145 04/22/2015 SJ Web Edition ;
; Revision Name                      ; ece385_lab4_demo                           ;
; Top-level Entity Name              ; lab4_adders_toplevel                       ;
; Family                             ; Cyclone IV E                               ;
; Device                             ; EP4CE115F29C7                              ;
; Timing Models                      ; Final                                      ;
; Total logic elements               ; 127 / 114,480 ( < 1 % )                    ;
;     Total combinational functions  ; 123 / 114,480 ( < 1 % )                    ;
;     Dedicated logic registers      ; 105 / 114,480 ( < 1 % )                    ;
; Total registers                    ; 105                                        ;
; Total pins                         ; 93 / 529 ( 18 % )                          ;
; Total virtual pins                 ; 0                                          ;
; Total memory bits                  ; 0 / 3,981,312 ( 0 % )                      ;
; Embedded Multiplier 9-bit elements ; 0 / 532 ( 0 % )                            ;
; Total PLLs                         ; 0 / 4 ( 0 % )                              ;
+------------------------------------+--------------------------------------------+


+-----------------------------------------+
; Flow Settings                           ;
+-------------------+---------------------+
; Option            ; Setting             ;
+-------------------+---------------------+
; Start date & time ; 02/08/2018 02:25:13 ;
; Main task         ; Compilation         ;
; Revision Name     ; ece385_lab4_demo    ;
+-------------------+---------------------+


+-----------------------------------------------------------------------------------------------------------------------------------------+
; Flow Non-Default Global Settings                                                                                                        ;
+--------------------------------------+---------------------------------------+------------------+----------------------+----------------+
; Assignment Name                      ; Value                                 ; Default Value    ; Entity Name          ; Section Id     ;
+--------------------------------------+---------------------------------------+------------------+----------------------+----------------+
; COMPILER_SIGNATURE_ID                ; 71094330539540.151807831304928        ; --               ; --                   ; --             ;
; EDA_DESIGN_INSTANCE_NAME             ; NA                                    ; --               ; --                   ; testbench      ;
; EDA_NATIVELINK_SIMULATION_TEST_BENCH ; testbench                             ; --               ; --                   ; eda_simulation ;
; EDA_OUTPUT_DATA_FORMAT               ; Systemverilog Hdl                     ; --               ; --                   ; eda_simulation ;
; EDA_SIMULATION_TOOL                  ; ModelSim-Altera (SystemVerilog)       ; <None>           ; --                   ; --             ;
; EDA_TEST_BENCH_ENABLE_STATUS         ; TEST_BENCH_MODE                       ; --               ; --                   ; eda_simulation ;
; EDA_TEST_BENCH_FILE                  ; ece385sp16_lab4_adders/testbench.sv   ; --               ; --                   ; testbench      ;
; EDA_TEST_BENCH_MODULE_NAME           ; testbench                             ; --               ; --                   ; testbench      ;
; EDA_TEST_BENCH_NAME                  ; testbench                             ; --               ; --                   ; eda_simulation ;
; EDA_TEST_BENCH_RUN_SIM_FOR           ; 1000 ns                               ; --               ; --                   ; testbench      ;
; EDA_TIME_SCALE                       ; 1 ps                                  ; --               ; --                   ; eda_simulation ;
; MAX_CORE_JUNCTION_TEMP               ; 85                                    ; --               ; --                   ; --             ;
; MIN_CORE_JUNCTION_TEMP               ; 0                                     ; --               ; --                   ; --             ;
; NOMINAL_CORE_SUPPLY_VOLTAGE          ; 1.2V                                  ; --               ; --                   ; --             ;
; PARTITION_COLOR                      ; 16764057                              ; --               ; lab4_adders_toplevel ; Top            ;
; PARTITION_FITTER_PRESERVATION_LEVEL  ; PLACEMENT_AND_ROUTING                 ; --               ; lab4_adders_toplevel ; Top            ;
; PARTITION_NETLIST_TYPE               ; SOURCE                                ; --               ; lab4_adders_toplevel ; Top            ;
; POWER_BOARD_THERMAL_MODEL            ; None (CONSERVATIVE)                   ; --               ; --                   ; --             ;
; POWER_PRESET_COOLING_SOLUTION        ; 23 MM HEAT SINK WITH 200 LFPM AIRFLOW ; --               ; --                   ; --             ;
; PROJECT_OUTPUT_DIRECTORY             ; output_files                          ; --               ; --                   ; --             ;
; TOP_LEVEL_ENTITY                     ; lab4_adders_toplevel                  ; ece385_lab4_demo ; --                   ; --             ;
+--------------------------------------+---------------------------------------+------------------+----------------------+----------------+


+-------------------------------------------------------------------------------------------------------------------------------+
; Flow Elapsed Time                                                                                                             ;
+---------------------------+--------------+-------------------------+---------------------+------------------------------------+
; Module Name               ; Elapsed Time ; Average Processors Used ; Peak Virtual Memory ; Total CPU Time (on all processors) ;
+---------------------------+--------------+-------------------------+---------------------+------------------------------------+
; Analysis & Synthesis      ; 00:00:10     ; 1.0                     ; 644 MB              ; 00:00:23                           ;
; Fitter                    ; 00:00:18     ; 1.0                     ; 1138 MB             ; 00:00:17                           ;
; Assembler                 ; 00:00:04     ; 1.0                     ; 616 MB              ; 00:00:04                           ;
; TimeQuest Timing Analyzer ; 00:00:03     ; 1.0                     ; 755 MB              ; 00:00:02                           ;
; EDA Netlist Writer        ; 00:00:01     ; 1.0                     ; 583 MB              ; 00:00:01                           ;
; Total                     ; 00:00:36     ; --                      ; --                  ; 00:00:47                           ;
+---------------------------+--------------+-------------------------+---------------------+------------------------------------+


+----------------------------------------------------------------------------------------+
; Flow OS Summary                                                                        ;
+---------------------------+------------------+-----------+------------+----------------+
; Module Name               ; Machine Hostname ; OS Name   ; OS Version ; Processor type ;
+---------------------------+------------------+-----------+------------+----------------+
; Analysis & Synthesis      ; ECEB-3022-07     ; Windows 7 ; 6.1        ; x86_64         ;
; Fitter                    ; ECEB-3022-07     ; Windows 7 ; 6.1        ; x86_64         ;
; Assembler                 ; ECEB-3022-07     ; Windows 7 ; 6.1        ; x86_64         ;
; TimeQuest Timing Analyzer ; ECEB-3022-07     ; Windows 7 ; 6.1        ; x86_64         ;
; EDA Netlist Writer        ; ECEB-3022-07     ; Windows 7 ; 6.1        ; x86_64         ;
+---------------------------+------------------+-----------+------------+----------------+


------------
; Flow Log ;
------------
quartus_map --read_settings_files=on --write_settings_files=off ece385_lab4_demo -c ece385_lab4_demo
quartus_fit --read_settings_files=off --write_settings_files=off ece385_lab4_demo -c ece385_lab4_demo
quartus_asm --read_settings_files=off --write_settings_files=off ece385_lab4_demo -c ece385_lab4_demo
quartus_sta ece385_lab4_demo -c ece385_lab4_demo
quartus_eda --read_settings_files=off --write_settings_files=off ece385_lab4_demo -c ece385_lab4_demo



